<?xml version="1.0" encoding="UTF-8"?>
<testng-results ignored="0" total="2" passed="2" failed="0" skipped="0">
  <reporter-output>
  </reporter-output>
  <suite started-at="2024-04-19T00:42:03 WEST" name="All Test Suite" finished-at="2024-04-19T00:42:15 WEST" duration-ms="11780">
    <groups>
    </groups>
    <test started-at="2024-04-19T00:42:03 WEST" name="C:/DEV_Formation/FormationAvril/ProjetSeleniumPOM/src/test/java/SauceApp/Suites" finished-at="2024-04-19T00:42:15 WEST" duration-ms="11780">
      <class name="SauceApp.Suites.SuiteLogin">
        <test-method is-config="true" signature="lunchBrowser()[pri:0, instance:SauceApp.Suites.SuiteLogin@50b472aa]" started-at="2024-04-19T00:42:03 WEST" name="lunchBrowser" finished-at="2024-04-19T00:42:09 WEST" duration-ms="5630" status="PASS">
          <reporter-output>
          </reporter-output>
        </test-method> <!-- lunchBrowser -->
        <test-method signature="Test01_loginInvalide()[pri:0, instance:SauceApp.Suites.SuiteLogin@50b472aa]" started-at="2024-04-19T00:42:09 WEST" name="Test01_loginInvalide" finished-at="2024-04-19T00:42:09 WEST" duration-ms="593" status="PASS">
          <reporter-output>
          </reporter-output>
        </test-method> <!-- Test01_loginInvalide -->
        <test-method is-config="true" signature="closeBrowser()[pri:0, instance:SauceApp.Suites.SuiteLogin@50b472aa]" started-at="2024-04-19T00:42:09 WEST" name="closeBrowser" finished-at="2024-04-19T00:42:09 WEST" duration-ms="247" status="PASS">
          <reporter-output>
          </reporter-output>
        </test-method> <!-- closeBrowser -->
        <test-method is-config="true" signature="lunchBrowser()[pri:0, instance:SauceApp.Suites.SuiteLogin@50b472aa]" started-at="2024-04-19T00:42:09 WEST" name="lunchBrowser" finished-at="2024-04-19T00:42:14 WEST" duration-ms="4426" status="PASS">
          <reporter-output>
          </reporter-output>
        </test-method> <!-- lunchBrowser -->
        <test-method signature="Test02_loginValide()[pri:0, instance:SauceApp.Suites.SuiteLogin@50b472aa]" started-at="2024-04-19T00:42:14 WEST" name="Test02_loginValide" finished-at="2024-04-19T00:42:14 WEST" duration-ms="617" status="PASS">
          <reporter-output>
          </reporter-output>
        </test-method> <!-- Test02_loginValide -->
        <test-method is-config="true" signature="closeBrowser()[pri:0, instance:SauceApp.Suites.SuiteLogin@50b472aa]" started-at="2024-04-19T00:42:14 WEST" name="closeBrowser" finished-at="2024-04-19T00:42:15 WEST" duration-ms="211" status="PASS">
          <reporter-output>
          </reporter-output>
        </test-method> <!-- closeBrowser -->
      </class> <!-- SauceApp.Suites.SuiteLogin -->
    </test> <!-- C:/DEV_Formation/FormationAvril/ProjetSeleniumPOM/src/test/java/SauceApp/Suites -->
  </suite> <!-- All Test Suite -->
</testng-results>
